# JRE version: OpenJDK Runtime Environment (11.0.12+7) (build 11.0.12+7-b1504.28-7817840)
# Java VM: OpenJDK 64-Bit Server VM (11.0.12+7-b1504.28-7817840, mixed mode, tiered, compressed oops, g1 gc, windows-amd64)
Heap:
 garbage-first heap   total 674816K, used 248930K [0x0000000080000000, 0x0000000100000000)
  region size 1024K, 6 young (6144K), 6 survivors (6144K)
 Metaspace       used 163151K, capacity 168181K, committed 168396K, reserved 1196032K
  class space    used 20285K, capacity 22075K, committed 22220K, reserved 1048576K
GC Heap History (20 events):
Event: 960.595 GC heap after
{Heap after GC invocations=180 (full 0):
 garbage-first heap   total 553984K, used 214242K [0x0000000080000000, 0x0000000100000000)
  region size 1024K, 3 young (3072K), 3 survivors (3072K)
 Metaspace       used 162801K, capacity 167759K, committed 168012K, reserved 1196032K
  class space    used 20257K, capacity 22013K, committed 22092K, reserved 1048576K
}
Event: 962.833 GC heap before
{Heap before GC invocations=180 (full 0):
 garbage-first heap   total 553984K, used 433378K [0x0000000080000000, 0x0000000100000000)
  region size 1024K, 219 young (224256K), 3 survivors (3072K)
 Metaspace       used 162879K, capacity 167831K, committed 168012K, reserved 1196032K
  class space    used 20259K, capacity 22014K, committed 22092K, reserved 1048576K
}
Event: 962.858 GC heap after
{Heap after GC invocations=181 (full 0):
 garbage-first heap   total 553984K, used 218906K [0x0000000080000000, 0x0000000100000000)
  region size 1024K, 8 young (8192K), 8 survivors (8192K)
 Metaspace       used 162879K, capacity 167831K, committed 168012K, reserved 1196032K
  class space    used 20259K, capacity 22014K, committed 22092K, reserved 1048576K
}
Event: 964.643 GC heap before
{Heap before GC invocations=182 (full 0):
 garbage-first heap   total 553984K, used 448282K [0x0000000080000000, 0x0000000100000000)
  region size 1024K, 230 young (235520K), 8 survivors (8192K)
 Metaspace       used 162941K, capacity 167926K, committed 168012K, reserved 1196032K
  class space    used 20261K, capacity 22018K, committed 22092K, reserved 1048576K
}
Event: 964.670 GC heap after
{Heap after GC invocations=183 (full 0):
 garbage-first heap   total 553984K, used 218580K [0x0000000080000000, 0x0000000100000000)
  region size 1024K, 8 young (8192K), 8 survivors (8192K)
 Metaspace       used 162941K, capacity 167926K, committed 168012K, reserved 1196032K
  class space    used 20261K, capacity 22018K, committed 22092K, reserved 1048576K
}
Event: 964.739 GC heap before
{Heap before GC invocations=183 (full 0):
 garbage-first heap   total 553984K, used 238036K [0x0000000080000000, 0x0000000100000000)
  region size 1024K, 27 young (27648K), 8 survivors (8192K)
 Metaspace       used 162941K, capacity 167926K, committed 168012K, reserved 1196032K
  class space    used 20261K, capacity 22018K, committed 22092K, reserved 1048576K
}
Event: 964.772 GC heap after
{Heap after GC invocations=184 (full 0):
 garbage-first heap   total 553984K, used 201919K [0x0000000080000000, 0x0000000100000000)
  region size 1024K, 1 young (1024K), 1 survivors (1024K)
 Metaspace       used 162941K, capacity 167926K, committed 168012K, reserved 1196032K
  class space    used 20261K, capacity 22018K, committed 22092K, reserved 1048576K
}
Event: 966.505 GC heap before
{Heap before GC invocations=184 (full 0):
 garbage-first heap   total 553984K, used 465087K [0x0000000080000000, 0x0000000100000000)
  region size 1024K, 258 young (264192K), 1 survivors (1024K)
 Metaspace       used 163055K, capacity 168056K, committed 168268K, reserved 1196032K
  class space    used 20276K, capacity 22036K, committed 22092K, reserved 1048576K
}
Event: 966.524 GC heap after
{Heap after GC invocations=185 (full 0):
 garbage-first heap   total 553984K, used 206686K [0x0000000080000000, 0x0000000100000000)
  region size 1024K, 6 young (6144K), 6 survivors (6144K)
 Metaspace       used 163055K, capacity 168056K, committed 168268K, reserved 1196032K
  class space    used 20276K, capacity 22036K, committed 22092K, reserved 1048576K
}
Event: 966.852 GC heap before
{Heap before GC invocations=185 (full 0):
 garbage-first heap   total 553984K, used 271198K [0x0000000080000000, 0x0000000100000000)
  region size 1024K, 70 young (71680K), 6 survivors (6144K)
 Metaspace       used 163085K, capacity 168062K, committed 168268K, reserved 1196032K
  class space    used 20279K, capacity 22037K, committed 22092K, reserved 1048576K
}
Event: 966.880 GC heap after
{Heap after GC invocations=186 (full 0):
 garbage-first heap   total 553984K, used 214631K [0x0000000080000000, 0x0000000100000000)
  region size 1024K, 14 young (14336K), 14 survivors (14336K)
 Metaspace       used 163085K, capacity 168062K, committed 168268K, reserved 1196032K
  class space    used 20279K, capacity 22037K, committed 22092K, reserved 1048576K
}
Event: 967.869 GC heap before
{Heap before GC invocations=187 (full 0):
 garbage-first heap   total 553984K, used 398951K [0x0000000080000000, 0x0000000100000000)
  region size 1024K, 197 young (201728K), 14 survivors (14336K)
 Metaspace       used 163099K, capacity 168066K, committed 168268K, reserved 1196032K
  class space    used 20279K, capacity 22037K, committed 22092K, reserved 1048576K
}
Event: 967.971 GC heap after
{Heap after GC invocations=188 (full 0):
 garbage-first heap   total 553984K, used 240723K [0x0000000080000000, 0x0000000100000000)
  region size 1024K, 25 young (25600K), 25 survivors (25600K)
 Metaspace       used 163099K, capacity 168066K, committed 168268K, reserved 1196032K
  class space    used 20279K, capacity 22037K, committed 22092K, reserved 1048576K
}
Event: 967.979 GC heap before
{Heap before GC invocations=188 (full 0):
 garbage-first heap   total 553984K, used 242771K [0x0000000080000000, 0x0000000100000000)
  region size 1024K, 27 young (27648K), 25 survivors (25600K)
 Metaspace       used 163099K, capacity 168066K, committed 168268K, reserved 1196032K
  class space    used 20279K, capacity 22037K, committed 22092K, reserved 1048576K
}
Event: 968.074 GC heap after
{Heap after GC invocations=189 (full 0):
 garbage-first heap   total 553984K, used 226304K [0x0000000080000000, 0x0000000100000000)
  region size 1024K, 2 young (2048K), 2 survivors (2048K)
 Metaspace       used 163099K, capacity 168066K, committed 168268K, reserved 1196032K
  class space    used 20279K, capacity 22037K, committed 22092K, reserved 1048576K
}
Event: 968.892 GC heap before
{Heap before GC invocations=189 (full 0):
 garbage-first heap   total 553984K, used 405504K [0x0000000080000000, 0x0000000100000000)
  region size 1024K, 178 young (182272K), 2 survivors (2048K)
 Metaspace       used 163119K, capacity 168071K, committed 168268K, reserved 1196032K
  class space    used 20281K, capacity 22038K, committed 22092K, reserved 1048576K
}
Event: 968.954 GC heap after
{Heap after GC invocations=190 (full 0):
 garbage-first heap   total 553984K, used 244736K [0x0000000080000000, 0x0000000100000000)
  region size 1024K, 20 young (20480K), 20 survivors (20480K)
 Metaspace       used 163119K, capacity 168071K, committed 168268K, reserved 1196032K
  class space    used 20281K, capacity 22038K, committed 22092K, reserved 1048576K
}
Event: 969.848 GC heap before
{Heap before GC invocations=190 (full 0):
 garbage-first heap   total 553984K, used 418816K [0x0000000080000000, 0x0000000100000000)
  region size 1024K, 190 young (194560K), 20 survivors (20480K)
 Metaspace       used 163141K, capacity 168170K, committed 168396K, reserved 1196032K
  class space    used 20282K, capacity 22071K, committed 22220K, reserved 1048576K
}
Event: 969.897 GC heap after
{Heap after GC invocations=191 (full 0):
 garbage-first heap   total 553984K, used 249080K [0x0000000080000000, 0x0000000100000000)
  region size 1024K, 6 young (6144K), 6 survivors (6144K)
 Metaspace       used 163141K, capacity 168170K, committed 168396K, reserved 1196032K
  class space    used 20282K, capacity 22071K, committed 22220K, reserved 1048576K
}
Event: 970.754 GC heap before
{Heap before GC invocations=191 (full 0):
 garbage-first heap   total 553984K, used 429304K [0x0000000080000000, 0x0000000100000000)
  region size 1024K, 182 young (186368K), 6 survivors (6144K)
 Metaspace       used 163151K, capacity 168181K, committed 168396K, reserved 1196032K
  class space    used 20285K, capacity 22075K, committed 22220K, reserved 1048576K
}

